TN:
SF:env.ts
FNF:0
FNH:0
DA:1,1
DA:3,1
DA:4,1
DA:5,1
DA:6,1
DA:7,1
DA:8,1
LF:7
LH:7
BRF:0
BRH:0
end_of_record
TN:
SF:src/app.ts
FN:8,(anonymous_7)
FN:8,(anonymous_8)
FN:13,(anonymous_9)
FN:13,(anonymous_10)
FNF:4
FNH:4
FNDA:2,(anonymous_7)
FNDA:2,(anonymous_8)
FNDA:18,(anonymous_9)
FNDA:18,(anonymous_10)
DA:2,1
DA:3,1
DA:5,1
DA:6,1
DA:8,2
DA:9,2
DA:10,2
DA:13,18
DA:14,18
DA:15,18
DA:18,1
LF:11
LH:11
BRF:0
BRH:0
end_of_record
TN:
SF:src/route/index.ts
FN:3,(anonymous_7)
FN:3,(anonymous_8)
FN:15,(anonymous_9)
FN:15,(anonymous_10)
FNF:4
FNH:4
FNDA:18,(anonymous_7)
FNDA:18,(anonymous_8)
FNDA:2,(anonymous_9)
FNDA:2,(anonymous_10)
DA:1,1
DA:3,18
DA:4,18
DA:5,18
DA:6,17
DA:11,1
DA:15,2
DA:16,2
DA:17,2
DA:18,2
DA:20,0
LF:11
LH:10
BRDA:7,0,0,16
BRDA:7,0,1,1
BRDA:8,1,0,16
BRDA:8,1,1,1
BRF:4
BRH:4
end_of_record
TN:
SF:src/services/index.ts
FN:16,(anonymous_7)
FN:18,(anonymous_8)
FN:21,(anonymous_9)
FN:21,(anonymous_10)
FN:24,(anonymous_11)
FN:30,(anonymous_12)
FN:31,(anonymous_13)
FN:43,(anonymous_14)
FN:43,(anonymous_15)
FN:83,(anonymous_16)
FN:83,(anonymous_17)
FN:93,(anonymous_18)
FN:117,(anonymous_19)
FN:137,(anonymous_20)
FN:164,(anonymous_21)
FNF:15
FNH:15
FNDA:18,(anonymous_7)
FNDA:78,(anonymous_8)
FNDA:2,(anonymous_9)
FNDA:2,(anonymous_10)
FNDA:17,(anonymous_11)
FNDA:17,(anonymous_12)
FNDA:17,(anonymous_13)
FNDA:18,(anonymous_14)
FNDA:18,(anonymous_15)
FNDA:17,(anonymous_16)
FNDA:17,(anonymous_17)
FNDA:66,(anonymous_18)
FNDA:13,(anonymous_19)
FNDA:14,(anonymous_20)
FNDA:5,(anonymous_21)
DA:1,1
DA:8,1
DA:16,1
DA:17,18
DA:18,78
DA:21,2
DA:22,2
DA:23,2
DA:24,17
DA:29,2
DA:30,17
DA:31,17
DA:32,1
DA:37,1
DA:39,1
DA:43,18
DA:44,18
DA:45,18
DA:47,18
DA:48,17
DA:49,66
DA:50,66
DA:51,4
DA:52,4
DA:56,17
DA:57,13
DA:58,13
DA:61,17
DA:62,9
DA:63,9
DA:66,17
DA:67,5
DA:68,5
DA:69,5
DA:71,17
DA:77,17
DA:79,1
DA:83,17
DA:84,17
DA:85,17
DA:86,17
DA:87,17
DA:89,0
DA:93,1
DA:94,66
DA:95,66
DA:96,66
DA:97,310
DA:101,309
DA:103,310
DA:104,6
DA:106,310
DA:107,271
DA:109,310
DA:110,1
DA:114,66
DA:117,1
DA:118,13
DA:119,13
DA:120,13
DA:121,49
DA:122,219
DA:123,219
DA:125,219
DA:126,28
DA:127,28
DA:128,4
DA:130,24
DA:134,9
DA:137,1
DA:138,14
DA:139,14
DA:141,14
DA:142,34
DA:143,124
DA:144,72
DA:145,72
DA:146,72
DA:147,72
DA:149,72
DA:150,24
DA:151,24
DA:152,8
DA:154,16
DA:155,16
DA:161,6
DA:164,1
DA:165,5
DA:166,21
DA:168,5
LF:90
LH:89
BRDA:18,0,0,1
BRDA:18,0,1,17
BRDA:29,1,0,1
BRDA:29,1,1,1
BRDA:47,2,0,17
BRDA:47,2,1,1
BRDA:50,3,0,4
BRDA:56,4,0,13
BRDA:61,5,0,9
BRDA:66,6,0,5
BRDA:72,7,0,16
BRDA:72,7,1,1
BRDA:97,8,0,309
BRDA:98,9,0,310
BRDA:98,9,1,35
BRDA:103,10,0,6
BRDA:106,11,0,271
BRDA:106,12,0,310
BRDA:106,12,1,304
BRDA:109,13,0,1
BRDA:109,14,0,310
BRDA:109,14,1,272
BRDA:125,15,0,243
BRDA:125,15,1,193
BRDA:127,16,0,4
BRDA:143,17,0,72
BRDA:149,18,0,88
BRDA:149,18,1,74
BRDA:149,18,2,74
BRDA:151,19,0,8
BRF:30
BRH:30
end_of_record
TN:
SF:src/settings/index.ts
FNF:0
FNH:0
DA:2,1
DA:3,1
DA:4,1
DA:16,1
DA:26,1
DA:27,1
LF:6
LH:6
BRF:0
BRH:0
end_of_record
TN:
SF:src/utils/data/index.ts
FNF:0
FNH:0
DA:1,1
DA:172,1
DA:182,1
LF:3
LH:3
BRF:0
BRH:0
end_of_record
